Traceback (most recent call last):
  File "/home/nilli/miniconda3/envs/jupyterbook/lib/python3.10/site-packages/jupyter_core/utils/__init__.py", line 154, in wrapped
    asyncio.get_running_loop()
RuntimeError: no running event loop

During handling of the above exception, another exception occurred:

Traceback (most recent call last):
  File "/home/nilli/miniconda3/envs/jupyterbook/lib/python3.10/site-packages/jupyter_cache/executors/utils.py", line 58, in single_nb_execution
    executenb(
  File "/home/nilli/miniconda3/envs/jupyterbook/lib/python3.10/site-packages/nbclient/client.py", line 1319, in execute
    return NotebookClient(nb=nb, resources=resources, km=km, **kwargs).execute()
  File "/home/nilli/miniconda3/envs/jupyterbook/lib/python3.10/site-packages/jupyter_core/utils/__init__.py", line 158, in wrapped
    return loop.run_until_complete(inner)
  File "/home/nilli/miniconda3/envs/jupyterbook/lib/python3.10/asyncio/base_events.py", line 649, in run_until_complete
    return future.result()
  File "/home/nilli/miniconda3/envs/jupyterbook/lib/python3.10/site-packages/nbclient/client.py", line 709, in async_execute
    await self.async_execute_cell(
  File "/home/nilli/miniconda3/envs/jupyterbook/lib/python3.10/site-packages/nbclient/client.py", line 1062, in async_execute_cell
    await self._check_raise_for_error(cell, cell_index, exec_reply)
  File "/home/nilli/miniconda3/envs/jupyterbook/lib/python3.10/site-packages/nbclient/client.py", line 918, in _check_raise_for_error
    raise CellExecutionError.from_cell_and_msg(cell, exec_reply_content)
nbclient.exceptions.CellExecutionError: An error occurred while executing the following cell:
------------------
# Dummy data for genre-driven spend-per-head and product mix
genres = ['Techno', 'Hip-Hop', 'House', 'Pop', 'R&B']
spend_per_head = [18, 15, 17, 14, 13]  # Euros
beer_percentage = [40, 30, 35, 45, 25]  # % of total sales
cocktail_percentage = [30, 35, 25, 20, 40]
soft_drink_percentage = [30, 35, 40, 35, 35]

# Create a figure with two subplots: bar chart for spend-per-head, stacked bar for product mix
fig, (ax1, ax2) = plt.subplots(2, 1, figsize=(10, 10))

# Bar chart: Spend per head by genre
ax1.bar(genres, spend_per_head, color='gray')
ax1.set_title('Spend per Head by Music Genre')
ax1.set_ylabel('â‚¬ per person')
ax1.grid(axis='y', linestyle='--', alpha=0.7)

# Stacked bar chart: Product mix by genre
bar1 = ax2.bar(genres, beer_percentage, label='Beer')
bar2 = ax2.bar(genres, cocktail_percentage, bottom=beer_percentage, label='Cocktails')
bottom2 = [beer + cocktail for beer, cocktail in zip(beer_percentage, cocktail_percentage)]
bar3 = ax2.bar(genres, soft_drink_percentage, bottom=bottom2, label='Soft Drinks')

ax2.set_title('Product Mix by Music Genre')
ax2.set_ylabel('% of Total Sales')
ax2.legend()
ax2.grid(axis='y', linestyle='--', alpha=0.7)

plt.tight_layout()
plt.show()

------------------


[0;31m---------------------------------------------------------------------------[0m
[0;31mNameError[0m                                 Traceback (most recent call last)
Cell [0;32mIn[1], line 9[0m
[1;32m      6[0m soft_drink_percentage [38;5;241m=[39m [[38;5;241m30[39m, [38;5;241m35[39m, [38;5;241m40[39m, [38;5;241m35[39m, [38;5;241m35[39m]
[1;32m      8[0m [38;5;66;03m# Create a figure with two subplots: bar chart for spend-per-head, stacked bar for product mix[39;00m
[0;32m----> 9[0m fig, (ax1, ax2) [38;5;241m=[39m [43mplt[49m[38;5;241m.[39msubplots([38;5;241m2[39m, [38;5;241m1[39m, figsize[38;5;241m=[39m([38;5;241m10[39m, [38;5;241m10[39m))
[1;32m     11[0m [38;5;66;03m# Bar chart: Spend per head by genre[39;00m
[1;32m     12[0m ax1[38;5;241m.[39mbar(genres, spend_per_head, color[38;5;241m=[39m[38;5;124m'[39m[38;5;124mgray[39m[38;5;124m'[39m)

[0;31mNameError[0m: name 'plt' is not defined

